This file contains any messages produced by compilers while
running configure, to aid debugging if configure makes a mistake.

It was created by yang_mills configure 0.7.3, which was
generated by GNU Autoconf 2.69.  Invocation command line was

  $ ./configure N_c=3 Num_threads=1 CC=icc CFLAGS=-O3 -axCORE-AVX512 -mtune=skylake -ip -ipo LIBS=-ldl -lz -lc

## --------- ##
## Platform. ##
## --------- ##

hostname = DESKTOP-H61RNM3
uname -m = x86_64
uname -r = 3.4.7-ea781829.x86_64
uname -s = MINGW64_NT-10.0-19045
uname -v = 2023-07-05 12:05 UTC

/usr/bin/uname -p = unknown
/bin/uname -X     = unknown

/bin/arch              = x86_64
/usr/bin/arch -k       = unknown
/usr/convex/getsysinfo = unknown
/usr/bin/hostinfo      = unknown
/bin/machine           = unknown
/usr/bin/oslevel       = unknown
/bin/universe          = unknown

PATH: /mingw64/bin
PATH: /usr/bin
PATH: /c/Users/alena/bin
PATH: /c/Program Files/NVIDIA GPU Computing Toolkit/CUDA/v12.2/bin
PATH: /c/Program Files/NVIDIA GPU Computing Toolkit/CUDA/v12.2/libnvvp
PATH: /c/Program Files (x86)/Intel/iCLS Client
PATH: /c/Program Files/Intel/iCLS Client
PATH: /c/Windows/system32
PATH: /c/Windows
PATH: /c/Windows/System32/Wbem
PATH: /c/Windows/System32/WindowsPowerShell/v1.0
PATH: /c/Program Files (x86)/Intel/Intel(R) Management Engine Components/DAL
PATH: /c/Program Files/Intel/Intel(R) Management Engine Components/DAL
PATH: /c/Program Files (x86)/Intel/Intel(R) Management Engine Components/IPT
PATH: /c/Program Files/Intel/Intel(R) Management Engine Components/IPT
PATH: /c/Program Files (x86)/NVIDIA Corporation/PhysX/Common
PATH: /c/WINDOWS/system32
PATH: /c/WINDOWS
PATH: /c/WINDOWS/System32/Wbem
PATH: /c/WINDOWS/System32/WindowsPowerShell/v1.0
PATH: /c/WINDOWS/System32/OpenSSH
PATH: /c/Program Files/Intel/WiFi/bin
PATH: /c/Program Files/Common Files/Intel/WirelessCommon
PATH: /c/WINDOWS/system32
PATH: /c/WINDOWS
PATH: /c/WINDOWS/System32/Wbem
PATH: /c/WINDOWS/System32/WindowsPowerShell/v1.0
PATH: /c/WINDOWS/System32/OpenSSH
PATH: /c/Users/alena/AppData/Local/Programs/Python/Python311
PATH: /c/Program Files/NVIDIA Corporation/Nsight Compute 2023.2.2
PATH: /c/Program Files/NVIDIA Corporation/NVIDIA NvDLISR
PATH: /c/Users/alena/scoop/shims
PATH: /c/Users/alena/AppData/Local/Microsoft/WindowsApps
PATH: /c/Users/alena/AppData/Local/GitHubDesktop/bin
PATH: /c/Users/alena/AppData/Local/Microsoft/WindowsApps
PATH: /c/texlive/2023/bin/windows


## ----------- ##
## Core tests. ##
## ----------- ##

configure:2208: checking for a BSD-compatible install
configure:2276: result: /usr/bin/install -c
configure:2287: checking whether build environment is sane
configure:2342: result: yes
configure:2493: checking for a thread-safe mkdir -p
configure:2532: result: /usr/bin/mkdir -p
configure:2539: checking for gawk
configure:2555: found /usr/bin/gawk
configure:2566: result: gawk
configure:2577: checking whether make sets $(MAKE)
configure:2603: result: no
configure:2628: checking whether make supports nested variables
configure:2645: result: no
configure:2794: checking for gawk
configure:2821: result: gawk
configure:2880: checking for gcc
configure:2907: result: icc
configure:3136: checking for C compiler version
configure:3145: icc --version >&5
./configure: line 3147: icc: command not found
configure:3156: $? = 127
configure:3145: icc -v >&5
./configure: line 3147: icc: command not found
configure:3156: $? = 127
configure:3145: icc -V >&5
./configure: line 3147: icc: command not found
configure:3156: $? = 127
configure:3145: icc -qversion >&5
./configure: line 3147: icc: command not found
configure:3156: $? = 127
configure:3176: checking whether the C compiler works
configure:3198: icc -O3 -axCORE-AVX512 -mtune=skylake -ip -ipo   conftest.c -ldl -lz -lc >&5
./configure: line 3200: icc: command not found
configure:3202: $? = 127
configure:3240: result: no
configure: failed program was:
| /* confdefs.h */
| #define PACKAGE_NAME "yang_mills"
| #define PACKAGE_TARNAME "yang_mills"
| #define PACKAGE_VERSION "0.7.3"
| #define PACKAGE_STRING "yang_mills 0.7.3"
| #define PACKAGE_BUGREPORT "claudio.bonati82@gmail.com"
| #define PACKAGE_URL ""
| #define PACKAGE "yang_mills"
| #define VERSION "0.7.3"
| /* end confdefs.h.  */
| 
| int
| main ()
| {
| 
|   ;
|   return 0;
| }
configure:3245: error: in `/c/Users/alena/GitHub/yang_mills_PTBC_Jarzynski':
configure:3247: error: C compiler cannot create executables
See `config.log' for more details

## ---------------- ##
## Cache variables. ##
## ---------------- ##

ac_cv_env_CC_set=set
ac_cv_env_CC_value=icc
ac_cv_env_CFLAGS_set=set
ac_cv_env_CFLAGS_value='-O3 -axCORE-AVX512 -mtune=skylake -ip -ipo'
ac_cv_env_CPPFLAGS_set=
ac_cv_env_CPPFLAGS_value=
ac_cv_env_CPP_set=
ac_cv_env_CPP_value=
ac_cv_env_LDFLAGS_set=
ac_cv_env_LDFLAGS_value=
ac_cv_env_LIBS_set=set
ac_cv_env_LIBS_value='-ldl -lz -lc'
ac_cv_env_N_c_set=set
ac_cv_env_N_c_value=3
ac_cv_env_Num_levels_set=
ac_cv_env_Num_levels_value=
ac_cv_env_Num_threads_set=set
ac_cv_env_Num_threads_value=1
ac_cv_env_ST_dim_set=
ac_cv_env_ST_dim_value=
ac_cv_env_build_alias_set=
ac_cv_env_build_alias_value=
ac_cv_env_host_alias_set=
ac_cv_env_host_alias_value=
ac_cv_env_target_alias_set=
ac_cv_env_target_alias_value=
ac_cv_path_install='/usr/bin/install -c'
ac_cv_path_mkdir=/usr/bin/mkdir
ac_cv_prog_AWK=gawk
ac_cv_prog_ac_ct_CC=icc
ac_cv_prog_make_make_set=no
am_cv_make_support_nested_variables=no

## ----------------- ##
## Output variables. ##
## ----------------- ##

ACLOCAL='${SHELL} /c/Users/alena/GitHub/yang_mills_PTBC_Jarzynski/missing aclocal-1.15'
AMDEPBACKSLASH=''
AMDEP_FALSE=''
AMDEP_TRUE=''
AMTAR='$${TAR-tar}'
AM_BACKSLASH='\'
AM_DEFAULT_V='1'
AM_DEFAULT_VERBOSITY='1'
AM_V='1'
AUTOCONF='${SHELL} /c/Users/alena/GitHub/yang_mills_PTBC_Jarzynski/missing autoconf'
AUTOHEADER='${SHELL} /c/Users/alena/GitHub/yang_mills_PTBC_Jarzynski/missing autoheader'
AUTOMAKE='${SHELL} /c/Users/alena/GitHub/yang_mills_PTBC_Jarzynski/missing automake-1.15'
AWK='gawk'
CC='icc'
CCDEPMODE=''
CFLAGS='-O3 -axCORE-AVX512 -mtune=skylake -ip -ipo'
CPP=''
CPPFLAGS=''
CRYPTO_COMPILATION_FALSE=''
CRYPTO_COMPILATION_TRUE=''
CYGPATH_W='cygpath -w'
DEFS=''
DEPDIR=''
ECHO_C=''
ECHO_N='-n'
ECHO_T=''
EGREP=''
EXEEXT=''
GREP=''
INSTALL_DATA='${INSTALL} -m 644'
INSTALL_PROGRAM='${INSTALL}'
INSTALL_SCRIPT='${INSTALL}'
INSTALL_STRIP_PROGRAM='$(install_sh) -c -s'
LDFLAGS=''
LIBOBJS=''
LIBS='-ldl -lz -lc'
LTLIBOBJS=''
MAKEINFO='${SHELL} /c/Users/alena/GitHub/yang_mills_PTBC_Jarzynski/missing makeinfo'
MKDIR_P='/usr/bin/mkdir -p'
N_c='3'
Num_levels=''
Num_threads='1'
OBJEXT=''
OPENMP_CFLAGS=''
PACKAGE='yang_mills'
PACKAGE_BUGREPORT='claudio.bonati82@gmail.com'
PACKAGE_NAME='yang_mills'
PACKAGE_STRING='yang_mills 0.7.3'
PACKAGE_TARNAME='yang_mills'
PACKAGE_URL=''
PACKAGE_VERSION='0.7.3'
PATH_SEPARATOR=':'
SET_MAKE='MAKE=make'
SHELL='/bin/sh'
STRIP=''
ST_dim=''
VERSION='0.7.3'
ac_ct_CC='icc'
am__EXEEXT_FALSE=''
am__EXEEXT_TRUE=''
am__fastdepCC_FALSE=''
am__fastdepCC_TRUE=''
am__include=''
am__isrc=''
am__leading_dot='.'
am__nodep=''
am__quote=''
am__tar='$${TAR-tar} chof - "$$tardir"'
am__untar='$${TAR-tar} xf -'
bindir='${exec_prefix}/bin'
build_alias=''
datadir='${datarootdir}'
datarootdir='${prefix}/share'
docdir='${datarootdir}/doc/${PACKAGE_TARNAME}'
dvidir='${docdir}'
exec_prefix='NONE'
host_alias=''
htmldir='${docdir}'
includedir='${prefix}/include'
infodir='${datarootdir}/info'
install_sh='${SHELL} /c/Users/alena/GitHub/yang_mills_PTBC_Jarzynski/install-sh'
libdir='${exec_prefix}/lib'
libexecdir='${exec_prefix}/libexec'
localedir='${datarootdir}/locale'
localstatedir='${prefix}/var'
mandir='${datarootdir}/man'
mkdir_p='$(MKDIR_P)'
oldincludedir='/usr/include'
pdfdir='${docdir}'
prefix='NONE'
program_transform_name='s,x,x,'
psdir='${docdir}'
runstatedir='${localstatedir}/run'
sbindir='${exec_prefix}/sbin'
sharedstatedir='${prefix}/com'
sysconfdir='${prefix}/etc'
target_alias=''

## ----------- ##
## confdefs.h. ##
## ----------- ##

/* confdefs.h */
#define PACKAGE_NAME "yang_mills"
#define PACKAGE_TARNAME "yang_mills"
#define PACKAGE_VERSION "0.7.3"
#define PACKAGE_STRING "yang_mills 0.7.3"
#define PACKAGE_BUGREPORT "claudio.bonati82@gmail.com"
#define PACKAGE_URL ""
#define PACKAGE "yang_mills"
#define VERSION "0.7.3"

configure: exit 77
